<?xml version="1.0" encoding="UTF-8"?>
<testng-results skipped="0" failed="0" ignored="0" total="0" passed="0">
  <reporter-output>
  </reporter-output>
  <suite name="com.icici.Automation.AppTest" duration-ms="21" started-at="2017-09-12T05:56:03Z" finished-at="2017-09-12T05:56:03Z">
    <groups>
    </groups>
    <test name="Command line test" duration-ms="21" started-at="2017-09-12T05:56:03Z" finished-at="2017-09-12T05:56:03Z">
    </test> <!-- Command line test -->
  </suite> <!-- com.icici.Automation.AppTest -->
</testng-results>
